<?xml version="1.0" encoding="UTF-8"?>
<!-- Generated by org.testng.reporters.JUnitXMLReporter -->
<testsuite ignored="0" hostname="HMSandip_123" failures="0" tests="2" name="Test" time="0.051" errors="0" timestamp="2023-12-20T12:26:56 IST">
  <testcase classname="generics.BaseTest" name="@BeforeClass setup" time="-1.703055416693E9">
    <failure type="org.testng.TestNGException" message="
Parameter &amp;apos;browser&amp;apos; is required by BeforeClass on method setup but has not been marked @Optional or defined
in C:\Users\hrush\OneDrive\Desktop\Average java\AutomationFramework\testng.xml">
      <![CDATA[org.testng.TestNGException: 
Parameter 'browser' is required by BeforeClass on method setup but has not been marked @Optional or defined
in C:\Users\hrush\OneDrive\Desktop\Average java\AutomationFramework\testng.xml
at java.base/java.util.ArrayList.forEach(ArrayList.java:1511)
... Removed 22 stack frames]]>
    </failure>
  </testcase> <!-- @BeforeClass setup -->
  <testcase classname="generics.BaseTest" name="@AfterClass teardown" time="0.0">
    <skipped/>
  </testcase> <!-- @AfterClass teardown -->
  <testcase classname="TestCases.TestCase_01LoginLogout" name="login" time="0.001">
    <skipped/>
  </testcase> <!-- login -->
  <testcase classname="TestCases.TestCase_01LoginLogout" name="logout" time="0.0">
    <skipped/>
  </testcase> <!-- logout -->
</testsuite> <!-- Test -->
