<?xml version="1.0" encoding="UTF-8"?>
<testng-results ignored="0" total="6" passed="2" failed="2" skipped="2">
  <reporter-output>
    <line>
      <![CDATA[execution started at suite tag level]]>
    </line>
    <line>
      <![CDATA[execution started at test tag level]]>
    </line>
    <line>
      <![CDATA[execution completed at test tag level]]>
    </line>
    <line>
      <![CDATA[execution started at test tag level]]>
    </line>
    <line>
      <![CDATA[execution completed at test tag level]]>
    </line>
    <line>
      <![CDATA[execution completed at suite tag level]]>
    </line>
  </reporter-output>
  <suite started-at="2023-12-20T21:28:16 IST" name="Suite" finished-at="2023-12-20T21:30:16 IST" duration-ms="120196">
    <groups>
    </groups>
    <test started-at="2023-12-20T21:28:16 IST" name="ChromeTest" finished-at="2023-12-20T21:29:12 IST" duration-ms="56395">
      <class name="TestCases.TestCase_02LoginCreateNewCustomerLogout">
        <test-method is-config="true" signature="testExecutionStart()[pri:0, instance:TestCases.TestCase_02LoginCreateNewCustomerLogout@7b2bbc3]" started-at="2023-12-20T21:28:16 IST" name="testExecutionStart" finished-at="2023-12-20T21:28:16 IST" duration-ms="0" status="PASS">
          <reporter-output>
            <line>
              <![CDATA[execution started at test tag level]]>
            </line>
          </reporter-output>
        </test-method> <!-- testExecutionStart -->
        <test-method is-config="true" signature="setup(java.lang.String)[pri:0, instance:TestCases.TestCase_02LoginCreateNewCustomerLogout@7b2bbc3]" started-at="2023-12-20T21:28:16 IST" name="setup" finished-at="2023-12-20T21:28:32 IST" duration-ms="16088" status="PASS">
          <params>
            <param index="0">
              <value>
                <![CDATA[chrome]]>
              </value>
            </param>
          </params>
          <reporter-output>
          </reporter-output>
        </test-method> <!-- setup -->
        <test-method signature="logIn()[pri:0, instance:TestCases.TestCase_02LoginCreateNewCustomerLogout@7b2bbc3]" started-at="2023-12-20T21:28:32 IST" name="logIn" finished-at="2023-12-20T21:28:42 IST" duration-ms="10207" status="PASS">
          <reporter-output>
          </reporter-output>
        </test-method> <!-- logIn -->
        <test-method signature="createCustomer()[pri:0, instance:TestCases.TestCase_02LoginCreateNewCustomerLogout@7b2bbc3]" started-at="2023-12-20T21:28:42 IST" name="createCustomer" finished-at="2023-12-20T21:29:12 IST" depends-on-methods="TestCases.TestCase_02LoginCreateNewCustomerLogout.logIn" duration-ms="29810" status="FAIL">
          <exception class="java.lang.NullPointerException">
            <message>
              <![CDATA[Cannot invoke "org.apache.poi.ss.usermodel.Sheet.getRow(int)" because the return value of "org.apache.poi.ss.usermodel.Workbook.getSheet(String)" is null]]>
            </message>
            <full-stacktrace>
              <![CDATA[java.lang.NullPointerException: Cannot invoke "org.apache.poi.ss.usermodel.Sheet.getRow(int)" because the return value of "org.apache.poi.ss.usermodel.Workbook.getSheet(String)" is null
at generics.ExcelLibrary.getStringTypeCellData1(ExcelLibrary.java:87)
at POM.ActiTimeCreateNewCustomerPage.customerNameTextfieldMethod(ActiTimeCreateNewCustomerPage.java:39)
at TestCases.TestCase_02LoginCreateNewCustomerLogout.createCustomer(TestCase_02LoginCreateNewCustomerLogout.java:35)
at java.base/jdk.internal.reflect.DirectMethodHandleAccessor.invoke(DirectMethodHandleAccessor.java:104)
at java.base/java.lang.reflect.Method.invoke(Method.java:578)
at org.testng.internal.invokers.MethodInvocationHelper.invokeMethod(MethodInvocationHelper.java:139)
at org.testng.internal.invokers.TestInvoker.invokeMethod(TestInvoker.java:664)
at org.testng.internal.invokers.TestInvoker.invokeTestMethod(TestInvoker.java:227)
at org.testng.internal.invokers.MethodRunner.runInSequence(MethodRunner.java:50)
at org.testng.internal.invokers.TestInvoker$MethodInvocationAgent.invoke(TestInvoker.java:957)
at org.testng.internal.invokers.TestInvoker.invokeTestMethods(TestInvoker.java:200)
at org.testng.internal.invokers.TestMethodWorker.invokeTestMethods(TestMethodWorker.java:148)
at org.testng.internal.invokers.TestMethodWorker.run(TestMethodWorker.java:128)
at java.base/java.util.ArrayList.forEach(ArrayList.java:1511)
at org.testng.TestRunner.privateRun(TestRunner.java:848)
at org.testng.TestRunner.run(TestRunner.java:621)
at org.testng.SuiteRunner.runTest(SuiteRunner.java:443)
at org.testng.SuiteRunner.runSequentially(SuiteRunner.java:437)
at org.testng.SuiteRunner.privateRun(SuiteRunner.java:397)
at org.testng.SuiteRunner.run(SuiteRunner.java:336)
at org.testng.SuiteRunnerWorker.runSuite(SuiteRunnerWorker.java:52)
at org.testng.SuiteRunnerWorker.run(SuiteRunnerWorker.java:95)
at org.testng.TestNG.runSuitesSequentially(TestNG.java:1280)
at org.testng.TestNG.runSuitesLocally(TestNG.java:1200)
at org.testng.TestNG.runSuites(TestNG.java:1114)
at org.testng.TestNG.run(TestNG.java:1082)
at org.testng.remote.AbstractRemoteTestNG.run(AbstractRemoteTestNG.java:115)
at org.testng.remote.RemoteTestNG.initAndRun(RemoteTestNG.java:251)
at org.testng.remote.RemoteTestNG.main(RemoteTestNG.java:77)
]]>
            </full-stacktrace>
          </exception> <!-- java.lang.NullPointerException -->
          <reporter-output>
          </reporter-output>
        </test-method> <!-- createCustomer -->
        <test-method signature="logout()[pri:0, instance:TestCases.TestCase_02LoginCreateNewCustomerLogout@7b2bbc3]" started-at="2023-12-20T21:29:12 IST" name="logout" finished-at="2023-12-20T21:29:12 IST" depends-on-methods="TestCases.TestCase_02LoginCreateNewCustomerLogout.createCustomer" duration-ms="0" status="SKIP">
          <exception class="java.lang.Throwable">
            <message>
              <![CDATA[Method TestCases.TestCase_02LoginCreateNewCustomerLogout.logout() on instance TestCases.TestCase_02LoginCreateNewCustomerLogout@7b2bbc3 depends on not successfully finished methods 
[TestCases.TestCase_02LoginCreateNewCustomerLogout.createCustomer() on instance TestCases.TestCase_02LoginCreateNewCustomerLogout@7b2bbc3]]]>
            </message>
            <full-stacktrace>
              <![CDATA[java.lang.Throwable: Method TestCases.TestCase_02LoginCreateNewCustomerLogout.logout() on instance TestCases.TestCase_02LoginCreateNewCustomerLogout@7b2bbc3 depends on not successfully finished methods 
[TestCases.TestCase_02LoginCreateNewCustomerLogout.createCustomer() on instance TestCases.TestCase_02LoginCreateNewCustomerLogout@7b2bbc3]
at org.testng.internal.invokers.TestInvoker.invokeTestMethods(TestInvoker.java:156)
at org.testng.internal.invokers.TestMethodWorker.invokeTestMethods(TestMethodWorker.java:148)
at org.testng.internal.invokers.TestMethodWorker.run(TestMethodWorker.java:128)
at java.base/java.util.ArrayList.forEach(ArrayList.java:1511)
at org.testng.TestRunner.privateRun(TestRunner.java:848)
at org.testng.TestRunner.run(TestRunner.java:621)
at org.testng.SuiteRunner.runTest(SuiteRunner.java:443)
at org.testng.SuiteRunner.runSequentially(SuiteRunner.java:437)
at org.testng.SuiteRunner.privateRun(SuiteRunner.java:397)
at org.testng.SuiteRunner.run(SuiteRunner.java:336)
at org.testng.SuiteRunnerWorker.runSuite(SuiteRunnerWorker.java:52)
at org.testng.SuiteRunnerWorker.run(SuiteRunnerWorker.java:95)
at org.testng.TestNG.runSuitesSequentially(TestNG.java:1280)
at org.testng.TestNG.runSuitesLocally(TestNG.java:1200)
at org.testng.TestNG.runSuites(TestNG.java:1114)
at org.testng.TestNG.run(TestNG.java:1082)
at org.testng.remote.AbstractRemoteTestNG.run(AbstractRemoteTestNG.java:115)
at org.testng.remote.RemoteTestNG.initAndRun(RemoteTestNG.java:251)
at org.testng.remote.RemoteTestNG.main(RemoteTestNG.java:77)
]]>
            </full-stacktrace>
          </exception> <!-- java.lang.Throwable -->
          <reporter-output>
          </reporter-output>
        </test-method> <!-- logout -->
        <test-method is-config="true" signature="teardown()[pri:0, instance:TestCases.TestCase_02LoginCreateNewCustomerLogout@7b2bbc3]" started-at="2023-12-20T21:29:12 IST" name="teardown" finished-at="2023-12-20T21:29:12 IST" duration-ms="234" status="PASS">
          <reporter-output>
          </reporter-output>
        </test-method> <!-- teardown -->
        <test-method is-config="true" signature="testExecutionComplete()[pri:0, instance:TestCases.TestCase_02LoginCreateNewCustomerLogout@7b2bbc3]" started-at="2023-12-20T21:29:12 IST" name="testExecutionComplete" finished-at="2023-12-20T21:29:12 IST" duration-ms="0" status="PASS">
          <reporter-output>
            <line>
              <![CDATA[execution completed at test tag level]]>
            </line>
          </reporter-output>
        </test-method> <!-- testExecutionComplete -->
      </class> <!-- TestCases.TestCase_02LoginCreateNewCustomerLogout -->
    </test> <!-- ChromeTest -->
    <test started-at="2023-12-20T21:29:13 IST" name="EdgeTest" finished-at="2023-12-20T21:30:16 IST" duration-ms="63726">
      <class name="TestCases.TestCase_02LoginCreateNewCustomerLogout">
        <test-method is-config="true" signature="suiteExecutionStart()[pri:0, instance:TestCases.TestCase_02LoginCreateNewCustomerLogout@815b41f]" started-at="2023-12-20T21:28:16 IST" name="suiteExecutionStart" finished-at="2023-12-20T21:28:16 IST" duration-ms="13" status="PASS">
          <reporter-output>
            <line>
              <![CDATA[execution started at suite tag level]]>
            </line>
          </reporter-output>
        </test-method> <!-- suiteExecutionStart -->
        <test-method is-config="true" signature="testExecutionStart()[pri:0, instance:TestCases.TestCase_02LoginCreateNewCustomerLogout@815b41f]" started-at="2023-12-20T21:29:13 IST" name="testExecutionStart" finished-at="2023-12-20T21:29:13 IST" duration-ms="0" status="PASS">
          <reporter-output>
            <line>
              <![CDATA[execution started at test tag level]]>
            </line>
          </reporter-output>
        </test-method> <!-- testExecutionStart -->
        <test-method is-config="true" signature="setup(java.lang.String)[pri:0, instance:TestCases.TestCase_02LoginCreateNewCustomerLogout@815b41f]" started-at="2023-12-20T21:29:13 IST" name="setup" finished-at="2023-12-20T21:29:45 IST" duration-ms="32392" status="PASS">
          <params>
            <param index="0">
              <value>
                <![CDATA[edge]]>
              </value>
            </param>
          </params>
          <reporter-output>
          </reporter-output>
        </test-method> <!-- setup -->
        <test-method signature="logIn()[pri:0, instance:TestCases.TestCase_02LoginCreateNewCustomerLogout@815b41f]" started-at="2023-12-20T21:29:45 IST" name="logIn" finished-at="2023-12-20T21:29:54 IST" duration-ms="8930" status="PASS">
          <reporter-output>
          </reporter-output>
        </test-method> <!-- logIn -->
        <test-method signature="createCustomer()[pri:0, instance:TestCases.TestCase_02LoginCreateNewCustomerLogout@815b41f]" started-at="2023-12-20T21:29:54 IST" name="createCustomer" finished-at="2023-12-20T21:30:16 IST" depends-on-methods="TestCases.TestCase_02LoginCreateNewCustomerLogout.logIn" duration-ms="21960" status="FAIL">
          <exception class="java.lang.NullPointerException">
            <message>
              <![CDATA[Cannot invoke "org.apache.poi.ss.usermodel.Sheet.getRow(int)" because the return value of "org.apache.poi.ss.usermodel.Workbook.getSheet(String)" is null]]>
            </message>
            <full-stacktrace>
              <![CDATA[java.lang.NullPointerException: Cannot invoke "org.apache.poi.ss.usermodel.Sheet.getRow(int)" because the return value of "org.apache.poi.ss.usermodel.Workbook.getSheet(String)" is null
at generics.ExcelLibrary.getStringTypeCellData1(ExcelLibrary.java:87)
at POM.ActiTimeCreateNewCustomerPage.customerNameTextfieldMethod(ActiTimeCreateNewCustomerPage.java:39)
at TestCases.TestCase_02LoginCreateNewCustomerLogout.createCustomer(TestCase_02LoginCreateNewCustomerLogout.java:35)
at java.base/jdk.internal.reflect.DirectMethodHandleAccessor.invoke(DirectMethodHandleAccessor.java:104)
at java.base/java.lang.reflect.Method.invoke(Method.java:578)
at org.testng.internal.invokers.MethodInvocationHelper.invokeMethod(MethodInvocationHelper.java:139)
at org.testng.internal.invokers.TestInvoker.invokeMethod(TestInvoker.java:664)
at org.testng.internal.invokers.TestInvoker.invokeTestMethod(TestInvoker.java:227)
at org.testng.internal.invokers.MethodRunner.runInSequence(MethodRunner.java:50)
at org.testng.internal.invokers.TestInvoker$MethodInvocationAgent.invoke(TestInvoker.java:957)
at org.testng.internal.invokers.TestInvoker.invokeTestMethods(TestInvoker.java:200)
at org.testng.internal.invokers.TestMethodWorker.invokeTestMethods(TestMethodWorker.java:148)
at org.testng.internal.invokers.TestMethodWorker.run(TestMethodWorker.java:128)
at java.base/java.util.ArrayList.forEach(ArrayList.java:1511)
at org.testng.TestRunner.privateRun(TestRunner.java:848)
at org.testng.TestRunner.run(TestRunner.java:621)
at org.testng.SuiteRunner.runTest(SuiteRunner.java:443)
at org.testng.SuiteRunner.runSequentially(SuiteRunner.java:437)
at org.testng.SuiteRunner.privateRun(SuiteRunner.java:397)
at org.testng.SuiteRunner.run(SuiteRunner.java:336)
at org.testng.SuiteRunnerWorker.runSuite(SuiteRunnerWorker.java:52)
at org.testng.SuiteRunnerWorker.run(SuiteRunnerWorker.java:95)
at org.testng.TestNG.runSuitesSequentially(TestNG.java:1280)
at org.testng.TestNG.runSuitesLocally(TestNG.java:1200)
at org.testng.TestNG.runSuites(TestNG.java:1114)
at org.testng.TestNG.run(TestNG.java:1082)
at org.testng.remote.AbstractRemoteTestNG.run(AbstractRemoteTestNG.java:115)
at org.testng.remote.RemoteTestNG.initAndRun(RemoteTestNG.java:251)
at org.testng.remote.RemoteTestNG.main(RemoteTestNG.java:77)
]]>
            </full-stacktrace>
          </exception> <!-- java.lang.NullPointerException -->
          <reporter-output>
          </reporter-output>
        </test-method> <!-- createCustomer -->
        <test-method signature="logout()[pri:0, instance:TestCases.TestCase_02LoginCreateNewCustomerLogout@815b41f]" started-at="2023-12-20T21:30:16 IST" name="logout" finished-at="2023-12-20T21:30:16 IST" depends-on-methods="TestCases.TestCase_02LoginCreateNewCustomerLogout.createCustomer" duration-ms="0" status="SKIP">
          <exception class="java.lang.Throwable">
            <message>
              <![CDATA[Method TestCases.TestCase_02LoginCreateNewCustomerLogout.logout() on instance TestCases.TestCase_02LoginCreateNewCustomerLogout@815b41f depends on not successfully finished methods 
[TestCases.TestCase_02LoginCreateNewCustomerLogout.createCustomer() on instance TestCases.TestCase_02LoginCreateNewCustomerLogout@815b41f]]]>
            </message>
            <full-stacktrace>
              <![CDATA[java.lang.Throwable: Method TestCases.TestCase_02LoginCreateNewCustomerLogout.logout() on instance TestCases.TestCase_02LoginCreateNewCustomerLogout@815b41f depends on not successfully finished methods 
[TestCases.TestCase_02LoginCreateNewCustomerLogout.createCustomer() on instance TestCases.TestCase_02LoginCreateNewCustomerLogout@815b41f]
at org.testng.internal.invokers.TestInvoker.invokeTestMethods(TestInvoker.java:156)
at org.testng.internal.invokers.TestMethodWorker.invokeTestMethods(TestMethodWorker.java:148)
at org.testng.internal.invokers.TestMethodWorker.run(TestMethodWorker.java:128)
at java.base/java.util.ArrayList.forEach(ArrayList.java:1511)
at org.testng.TestRunner.privateRun(TestRunner.java:848)
at org.testng.TestRunner.run(TestRunner.java:621)
at org.testng.SuiteRunner.runTest(SuiteRunner.java:443)
at org.testng.SuiteRunner.runSequentially(SuiteRunner.java:437)
at org.testng.SuiteRunner.privateRun(SuiteRunner.java:397)
at org.testng.SuiteRunner.run(SuiteRunner.java:336)
at org.testng.SuiteRunnerWorker.runSuite(SuiteRunnerWorker.java:52)
at org.testng.SuiteRunnerWorker.run(SuiteRunnerWorker.java:95)
at org.testng.TestNG.runSuitesSequentially(TestNG.java:1280)
at org.testng.TestNG.runSuitesLocally(TestNG.java:1200)
at org.testng.TestNG.runSuites(TestNG.java:1114)
at org.testng.TestNG.run(TestNG.java:1082)
at org.testng.remote.AbstractRemoteTestNG.run(AbstractRemoteTestNG.java:115)
at org.testng.remote.RemoteTestNG.initAndRun(RemoteTestNG.java:251)
at org.testng.remote.RemoteTestNG.main(RemoteTestNG.java:77)
]]>
            </full-stacktrace>
          </exception> <!-- java.lang.Throwable -->
          <reporter-output>
          </reporter-output>
        </test-method> <!-- logout -->
        <test-method is-config="true" signature="teardown()[pri:0, instance:TestCases.TestCase_02LoginCreateNewCustomerLogout@815b41f]" started-at="2023-12-20T21:30:16 IST" name="teardown" finished-at="2023-12-20T21:30:16 IST" duration-ms="410" status="PASS">
          <reporter-output>
          </reporter-output>
        </test-method> <!-- teardown -->
        <test-method is-config="true" signature="testExecutionComplete()[pri:0, instance:TestCases.TestCase_02LoginCreateNewCustomerLogout@815b41f]" started-at="2023-12-20T21:30:16 IST" name="testExecutionComplete" finished-at="2023-12-20T21:30:16 IST" duration-ms="0" status="PASS">
          <reporter-output>
            <line>
              <![CDATA[execution completed at test tag level]]>
            </line>
          </reporter-output>
        </test-method> <!-- testExecutionComplete -->
        <test-method is-config="true" signature="suiteExecutionComplete()[pri:0, instance:TestCases.TestCase_02LoginCreateNewCustomerLogout@815b41f]" started-at="2023-12-20T21:30:16 IST" name="suiteExecutionComplete" finished-at="2023-12-20T21:30:16 IST" duration-ms="0" status="PASS">
          <reporter-output>
            <line>
              <![CDATA[execution completed at suite tag level]]>
            </line>
          </reporter-output>
        </test-method> <!-- suiteExecutionComplete -->
      </class> <!-- TestCases.TestCase_02LoginCreateNewCustomerLogout -->
    </test> <!-- EdgeTest -->
  </suite> <!-- Suite -->
</testng-results>
